  MyForm.cpp
C:\Users\user\Desktop\5 task\MyForm.h(110,13): warning C4244: return: преобразование "double" в "float", возможна потеря данных
  (компиляция исходного файла "MyForm.cpp")
  
C:\Users\user\Desktop\5 task\MyForm.h(200,46): warning C4244: аргумент: преобразование "float" в "int", возможна потеря данных
  (компиляция исходного файла "MyForm.cpp")
  
C:\Users\user\Desktop\5 task\MyForm.h(200,39): warning C4244: аргумент: преобразование "float" в "int", возможна потеря данных
  (компиляция исходного файла "MyForm.cpp")
  
C:\Users\user\Desktop\5 task\MyForm.h(200,34): warning C4244: аргумент: преобразование "float" в "int", возможна потеря данных
  (компиляция исходного файла "MyForm.cpp")
  
C:\Users\user\Desktop\5 task\MyForm.h(240,14): warning C4305: аргумент: усечение из "double" в "float"
  (компиляция исходного файла "MyForm.cpp")
  
C:\Users\user\Desktop\5 task\MyForm.h(245,16): warning C4305: аргумент: усечение из "double" в "float"
  (компиляция исходного файла "MyForm.cpp")
  
C:\Users\user\Desktop\5 task\MyForm.h(250,14): warning C4305: аргумент: усечение из "double" в "float"
  (компиляция исходного файла "MyForm.cpp")
  
C:\Users\user\Desktop\5 task\MyForm.h(255,16): warning C4305: аргумент: усечение из "double" в "float"
  (компиляция исходного файла "MyForm.cpp")
  
C:\Users\user\Desktop\5 task\MyForm.h(260,19): warning C4305: аргумент: усечение из "double" в "float"
  (компиляция исходного файла "MyForm.cpp")
  
C:\Users\user\Desktop\5 task\MyForm.h(265,21): warning C4305: аргумент: усечение из "double" в "float"
  (компиляция исходного файла "MyForm.cpp")
  
  .NETFramework,Version=v4.8.AssemblyAttributes.cpp
  Создание кода...
C:\Users\user\Desktop\5 task\Matrix.h(172,1): warning C4172: возвращаемый адрес локальной переменной или временного 
  MyForm.obj : обнаружен модуль MSIL; для MSIL последовательная компоновка отключена; выполняется полная компоновка
  Musatov.vcxproj -> C:\Users\user\Desktop\5 task\x64\Debug\Musatov.exe
